Analysis & Synthesis report for lab6_toplevel
Tue Mar 03 19:20:46 2020
Quartus Prime Version 18.0.0 Build 614 04/24/2018 SJ Lite Edition


---------------------
; Table of Contents ;
---------------------
  1. Legal Notice
  2. Analysis & Synthesis Summary
  3. Analysis & Synthesis Settings
  4. Parallel Compilation
  5. Analysis & Synthesis Source Files Read
  6. Analysis & Synthesis Resource Usage Summary
  7. Analysis & Synthesis Resource Utilization by Entity
  8. State Machine - |lab6_toplevel|slc3:my_slc|ISDU:state_controller|State
  9. Registers Removed During Synthesis
 10. General Register Statistics
 11. Multiplexer Restructuring Statistics (Restructuring Performed)
 12. Parameter Settings for User Entity Instance: synchronizer:Reset_synchronizer
 13. Parameter Settings for User Entity Instance: synchronizer:Run_synchronizer
 14. Parameter Settings for User Entity Instance: synchronizer:Continue_synchronizer
 15. Parameter Settings for User Entity Instance: slc3:my_slc|datapath:d0|register_file:reg_file|register:R0_reg
 16. Parameter Settings for User Entity Instance: slc3:my_slc|datapath:d0|register_file:reg_file|register:R1_reg
 17. Parameter Settings for User Entity Instance: slc3:my_slc|datapath:d0|register_file:reg_file|register:R2_reg
 18. Parameter Settings for User Entity Instance: slc3:my_slc|datapath:d0|register_file:reg_file|register:R3_reg
 19. Parameter Settings for User Entity Instance: slc3:my_slc|datapath:d0|register_file:reg_file|register:R4_reg
 20. Parameter Settings for User Entity Instance: slc3:my_slc|datapath:d0|register_file:reg_file|register:R5_reg
 21. Parameter Settings for User Entity Instance: slc3:my_slc|datapath:d0|register_file:reg_file|register:R6_reg
 22. Parameter Settings for User Entity Instance: slc3:my_slc|datapath:d0|register_file:reg_file|register:R7_reg
 23. Parameter Settings for User Entity Instance: slc3:my_slc|datapath:d0|mux:DR_multuplexer
 24. Parameter Settings for User Entity Instance: slc3:my_slc|datapath:d0|mux:SR1_multiplexer
 25. Parameter Settings for User Entity Instance: slc3:my_slc|datapath:d0|mux:SR2_multiplexer
 26. Parameter Settings for User Entity Instance: slc3:my_slc|datapath:d0|register:nzp_reg
 27. Parameter Settings for User Entity Instance: slc3:my_slc|datapath:d0|register:ben_reg
 28. Parameter Settings for User Entity Instance: slc3:my_slc|datapath:d0|mux:ADDR1_multiplexer
 29. Parameter Settings for User Entity Instance: slc3:my_slc|datapath:d0|mux:ADDR2_multiplexer
 30. Parameter Settings for User Entity Instance: slc3:my_slc|datapath:d0|register:PC_reg
 31. Parameter Settings for User Entity Instance: slc3:my_slc|datapath:d0|mux:PC_multiplexer
 32. Parameter Settings for User Entity Instance: slc3:my_slc|datapath:d0|register:IR_reg
 33. Parameter Settings for User Entity Instance: slc3:my_slc|datapath:d0|register:MDR_reg
 34. Parameter Settings for User Entity Instance: slc3:my_slc|datapath:d0|mux:MDR_multiplexer
 35. Parameter Settings for User Entity Instance: slc3:my_slc|datapath:d0|register:MAR_reg
 36. Parameter Settings for User Entity Instance: slc3:my_slc|datapath:d0|mux:busGate_multiplexer
 37. Parameter Settings for User Entity Instance: slc3:my_slc|datapath:d0|mux:FMAR_multiplexer
 38. Parameter Settings for User Entity Instance: slc3:my_slc|datapath:d0|mux:FMDR_multiplexer
 39. Parameter Settings for User Entity Instance: slc3:my_slc|tristate:tr0
 40. Parameter Settings for User Entity Instance: test_memory:my_test_memory
 41. Parameter Settings for User Entity Instance: test_memory:my_test_memory|memory_parser:parser
 42. Port Connectivity Checks: "slc3:my_slc|Mem2IO:memory_subsystem"
 43. Port Connectivity Checks: "slc3:my_slc|datapath:d0|mux:FMAR_multiplexer"
 44. Port Connectivity Checks: "slc3:my_slc|datapath:d0|mux:ADDR2_multiplexer"
 45. Port Connectivity Checks: "slc3:my_slc|datapath:d0|mux:DR_multuplexer"
 46. Port Connectivity Checks: "slc3:my_slc|datapath:d0"
 47. Post-Synthesis Netlist Statistics for Top Partition
 48. Elapsed Time Per Partition
 49. Analysis & Synthesis Messages



----------------
; Legal Notice ;
----------------
Copyright (C) 2018  Intel Corporation. All rights reserved.
Your use of Intel Corporation's design tools, logic functions 
and other software and tools, and its AMPP partner logic 
functions, and any output files from any of the foregoing 
(including device programming or simulation files), and any 
associated documentation or information are expressly subject 
to the terms and conditions of the Intel Program License 
Subscription Agreement, the Intel Quartus Prime License Agreement,
the Intel FPGA IP License Agreement, or other applicable license
agreement, including, without limitation, that your use is for
the sole purpose of programming logic devices manufactured by
Intel and sold by Intel or its authorized distributors.  Please
refer to the applicable agreement for further details.



+----------------------------------------------------------------------------------+
; Analysis & Synthesis Summary                                                     ;
+------------------------------------+---------------------------------------------+
; Analysis & Synthesis Status        ; Successful - Tue Mar 03 19:20:46 2020       ;
; Quartus Prime Version              ; 18.0.0 Build 614 04/24/2018 SJ Lite Edition ;
; Revision Name                      ; lab6_toplevel                               ;
; Top-level Entity Name              ; lab6_toplevel                               ;
; Family                             ; Cyclone IV E                                ;
; Total logic elements               ; 778                                         ;
;     Total combinational functions  ; 759                                         ;
;     Dedicated logic registers      ; 271                                         ;
; Total registers                    ; 271                                         ;
; Total pins                         ; 129                                         ;
; Total virtual pins                 ; 0                                           ;
; Total memory bits                  ; 0                                           ;
; Embedded Multiplier 9-bit elements ; 0                                           ;
; Total PLLs                         ; 0                                           ;
+------------------------------------+---------------------------------------------+


+------------------------------------------------------------------------------------------------------------+
; Analysis & Synthesis Settings                                                                              ;
+------------------------------------------------------------------+--------------------+--------------------+
; Option                                                           ; Setting            ; Default Value      ;
+------------------------------------------------------------------+--------------------+--------------------+
; Device                                                           ; EP4CE115F29C7      ;                    ;
; Top-level entity name                                            ; lab6_toplevel      ; lab6_toplevel      ;
; Family name                                                      ; Cyclone IV E       ; Cyclone V          ;
; Use smart compilation                                            ; Off                ; Off                ;
; Enable parallel Assembler and Timing Analyzer during compilation ; On                 ; On                 ;
; Enable compact report table                                      ; Off                ; Off                ;
; Restructure Multiplexers                                         ; Auto               ; Auto               ;
; Create Debugging Nodes for IP Cores                              ; Off                ; Off                ;
; Preserve fewer node names                                        ; On                 ; On                 ;
; Intel FPGA IP Evaluation Mode                                    ; Enable             ; Enable             ;
; Verilog Version                                                  ; Verilog_2001       ; Verilog_2001       ;
; VHDL Version                                                     ; VHDL_1993          ; VHDL_1993          ;
; State Machine Processing                                         ; Auto               ; Auto               ;
; Safe State Machine                                               ; Off                ; Off                ;
; Extract Verilog State Machines                                   ; On                 ; On                 ;
; Extract VHDL State Machines                                      ; On                 ; On                 ;
; Ignore Verilog initial constructs                                ; Off                ; Off                ;
; Iteration limit for constant Verilog loops                       ; 5000               ; 5000               ;
; Iteration limit for non-constant Verilog loops                   ; 250                ; 250                ;
; Add Pass-Through Logic to Inferred RAMs                          ; On                 ; On                 ;
; Infer RAMs from Raw Logic                                        ; On                 ; On                 ;
; Parallel Synthesis                                               ; On                 ; On                 ;
; DSP Block Balancing                                              ; Auto               ; Auto               ;
; NOT Gate Push-Back                                               ; On                 ; On                 ;
; Power-Up Don't Care                                              ; On                 ; On                 ;
; Remove Redundant Logic Cells                                     ; Off                ; Off                ;
; Remove Duplicate Registers                                       ; On                 ; On                 ;
; Ignore CARRY Buffers                                             ; Off                ; Off                ;
; Ignore CASCADE Buffers                                           ; Off                ; Off                ;
; Ignore GLOBAL Buffers                                            ; Off                ; Off                ;
; Ignore ROW GLOBAL Buffers                                        ; Off                ; Off                ;
; Ignore LCELL Buffers                                             ; Off                ; Off                ;
; Ignore SOFT Buffers                                              ; On                 ; On                 ;
; Limit AHDL Integers to 32 Bits                                   ; Off                ; Off                ;
; Optimization Technique                                           ; Balanced           ; Balanced           ;
; Carry Chain Length                                               ; 70                 ; 70                 ;
; Auto Carry Chains                                                ; On                 ; On                 ;
; Auto Open-Drain Pins                                             ; On                 ; On                 ;
; Perform WYSIWYG Primitive Resynthesis                            ; Off                ; Off                ;
; Auto ROM Replacement                                             ; On                 ; On                 ;
; Auto RAM Replacement                                             ; On                 ; On                 ;
; Auto DSP Block Replacement                                       ; On                 ; On                 ;
; Auto Shift Register Replacement                                  ; Auto               ; Auto               ;
; Allow Shift Register Merging across Hierarchies                  ; Auto               ; Auto               ;
; Auto Clock Enable Replacement                                    ; On                 ; On                 ;
; Strict RAM Replacement                                           ; Off                ; Off                ;
; Allow Synchronous Control Signals                                ; On                 ; On                 ;
; Force Use of Synchronous Clear Signals                           ; Off                ; Off                ;
; Auto RAM Block Balancing                                         ; On                 ; On                 ;
; Auto RAM to Logic Cell Conversion                                ; Off                ; Off                ;
; Auto Resource Sharing                                            ; Off                ; Off                ;
; Allow Any RAM Size For Recognition                               ; Off                ; Off                ;
; Allow Any ROM Size For Recognition                               ; Off                ; Off                ;
; Allow Any Shift Register Size For Recognition                    ; Off                ; Off                ;
; Use LogicLock Constraints during Resource Balancing              ; On                 ; On                 ;
; Ignore translate_off and synthesis_off directives                ; Off                ; Off                ;
; Timing-Driven Synthesis                                          ; On                 ; On                 ;
; Report Parameter Settings                                        ; On                 ; On                 ;
; Report Source Assignments                                        ; On                 ; On                 ;
; Report Connectivity Checks                                       ; On                 ; On                 ;
; Ignore Maximum Fan-Out Assignments                               ; Off                ; Off                ;
; Synchronization Register Chain Length                            ; 2                  ; 2                  ;
; Power Optimization During Synthesis                              ; Normal compilation ; Normal compilation ;
; HDL message level                                                ; Level2             ; Level2             ;
; Suppress Register Optimization Related Messages                  ; Off                ; Off                ;
; Number of Removed Registers Reported in Synthesis Report         ; 5000               ; 5000               ;
; Number of Swept Nodes Reported in Synthesis Report               ; 5000               ; 5000               ;
; Number of Inverted Registers Reported in Synthesis Report        ; 100                ; 100                ;
; Clock MUX Protection                                             ; On                 ; On                 ;
; Auto Gated Clock Conversion                                      ; Off                ; Off                ;
; Block Design Naming                                              ; Auto               ; Auto               ;
; SDC constraint protection                                        ; Off                ; Off                ;
; Synthesis Effort                                                 ; Auto               ; Auto               ;
; Shift Register Replacement - Allow Asynchronous Clear Signal     ; On                 ; On                 ;
; Pre-Mapping Resynthesis Optimization                             ; Off                ; Off                ;
; Analysis & Synthesis Message Level                               ; Medium             ; Medium             ;
; Disable Register Merging Across Hierarchies                      ; Auto               ; Auto               ;
; Resource Aware Inference For Block RAM                           ; On                 ; On                 ;
+------------------------------------------------------------------+--------------------+--------------------+


+------------------------------------------+
; Parallel Compilation                     ;
+----------------------------+-------------+
; Processors                 ; Number      ;
+----------------------------+-------------+
; Number detected on machine ; 8           ;
; Maximum allowed            ; 4           ;
;                            ;             ;
; Average used               ; 1.00        ;
; Maximum used               ; 4           ;
;                            ;             ;
; Usage by Processor         ; % Time Used ;
;     Processor 1            ; 100.0%      ;
;     Processor 2            ;   0.0%      ;
;     Processor 3            ;   0.0%      ;
;     Processor 4            ;   0.0%      ;
+----------------------------+-------------+


+------------------------------------------------------------------------------------------------------------------------------------------------------+
; Analysis & Synthesis Source Files Read                                                                                                               ;
+----------------------------------+-----------------+------------------------------+--------------------------------------------------------+---------+
; File Name with User-Entered Path ; Used in Netlist ; File Type                    ; File Name with Absolute Path                           ; Library ;
+----------------------------------+-----------------+------------------------------+--------------------------------------------------------+---------+
; register_file.sv                 ; yes             ; User SystemVerilog HDL File  ; C:/Users/unnat/Desktop/ECE 385/lab6/register_file.sv   ;         ;
; alu.sv                           ; yes             ; User SystemVerilog HDL File  ; C:/Users/unnat/Desktop/ECE 385/lab6/alu.sv             ;         ;
; synchronizer.sv                  ; yes             ; User SystemVerilog HDL File  ; C:/Users/unnat/Desktop/ECE 385/lab6/synchronizer.sv    ;         ;
; register.sv                      ; yes             ; User SystemVerilog HDL File  ; C:/Users/unnat/Desktop/ECE 385/lab6/register.sv        ;         ;
; mux.sv                           ; yes             ; User SystemVerilog HDL File  ; C:/Users/unnat/Desktop/ECE 385/lab6/mux.sv             ;         ;
; HexDriver.sv                     ; yes             ; User SystemVerilog HDL File  ; C:/Users/unnat/Desktop/ECE 385/lab6/HexDriver.sv       ;         ;
; datapath.sv                      ; yes             ; User SystemVerilog HDL File  ; C:/Users/unnat/Desktop/ECE 385/lab6/datapath.sv        ;         ;
; tristate.sv                      ; yes             ; User SystemVerilog HDL File  ; C:/Users/unnat/Desktop/ECE 385/lab6/tristate.sv        ;         ;
; test_memory.sv                   ; yes             ; User SystemVerilog HDL File  ; C:/Users/unnat/Desktop/ECE 385/lab6/test_memory.sv     ;         ;
; SLC3_2.sv                        ; yes             ; User SystemVerilog HDL File  ; C:/Users/unnat/Desktop/ECE 385/lab6/SLC3_2.sv          ;         ;
; slc3.sv                          ; yes             ; User SystemVerilog HDL File  ; C:/Users/unnat/Desktop/ECE 385/lab6/slc3.sv            ;         ;
; memory_contents.sv               ; yes             ; User SystemVerilog HDL File  ; C:/Users/unnat/Desktop/ECE 385/lab6/memory_contents.sv ;         ;
; Mem2IO.sv                        ; yes             ; User SystemVerilog HDL File  ; C:/Users/unnat/Desktop/ECE 385/lab6/Mem2IO.sv          ;         ;
; lab6_toplevel.sv                 ; yes             ; User SystemVerilog HDL File  ; C:/Users/unnat/Desktop/ECE 385/lab6/lab6_toplevel.sv   ;         ;
; ISDU.sv                          ; yes             ; User SystemVerilog HDL File  ; C:/Users/unnat/Desktop/ECE 385/lab6/ISDU.sv            ;         ;
+----------------------------------+-----------------+------------------------------+--------------------------------------------------------+---------+


+---------------------------------------------------------+
; Analysis & Synthesis Resource Usage Summary             ;
+---------------------------------------------+-----------+
; Resource                                    ; Usage     ;
+---------------------------------------------+-----------+
; Estimated Total logic elements              ; 778       ;
;                                             ;           ;
; Total combinational functions               ; 759       ;
; Logic element usage by number of LUT inputs ;           ;
;     -- 4 input functions                    ; 453       ;
;     -- 3 input functions                    ; 104       ;
;     -- <=2 input functions                  ; 202       ;
;                                             ;           ;
; Logic elements by mode                      ;           ;
;     -- normal mode                          ; 714       ;
;     -- arithmetic mode                      ; 45        ;
;                                             ;           ;
; Total registers                             ; 271       ;
;     -- Dedicated logic registers            ; 271       ;
;     -- I/O registers                        ; 0         ;
;                                             ;           ;
; I/O pins                                    ; 129       ;
;                                             ;           ;
; Embedded Multiplier 9-bit elements          ; 0         ;
;                                             ;           ;
; Maximum fan-out node                        ; Clk~input ;
; Maximum fan-out                             ; 271       ;
; Total fan-out                               ; 3545      ;
; Average fan-out                             ; 2.72      ;
+---------------------------------------------+-----------+


+-----------------------------------------------------------------------------------------------------------------------------------------------------------------------------------------------------------------------------------------------------------------------------------+
; Analysis & Synthesis Resource Utilization by Entity                                                                                                                                                                                                                               ;
+-----------------------------------------+---------------------+---------------------------+-------------+--------------+---------+-----------+------+--------------+-------------------------------------------------------------------------------+---------------+--------------+
; Compilation Hierarchy Node              ; Combinational ALUTs ; Dedicated Logic Registers ; Memory Bits ; DSP Elements ; DSP 9x9 ; DSP 18x18 ; Pins ; Virtual Pins ; Full Hierarchy Name                                                           ; Entity Name   ; Library Name ;
+-----------------------------------------+---------------------+---------------------------+-------------+--------------+---------+-----------+------+--------------+-------------------------------------------------------------------------------+---------------+--------------+
; |lab6_toplevel                          ; 759 (0)             ; 271 (0)                   ; 0           ; 0            ; 0       ; 0         ; 129  ; 0            ; |lab6_toplevel                                                                ; lab6_toplevel ; work         ;
;    |slc3:my_slc|                        ; 759 (0)             ; 268 (0)                   ; 0           ; 0            ; 0       ; 0         ; 0    ; 0            ; |lab6_toplevel|slc3:my_slc                                                    ; slc3          ; work         ;
;       |HexDriver:hex_driver0|           ; 7 (7)               ; 0 (0)                     ; 0           ; 0            ; 0       ; 0         ; 0    ; 0            ; |lab6_toplevel|slc3:my_slc|HexDriver:hex_driver0                              ; HexDriver     ; work         ;
;       |HexDriver:hex_driver1|           ; 7 (7)               ; 0 (0)                     ; 0           ; 0            ; 0       ; 0         ; 0    ; 0            ; |lab6_toplevel|slc3:my_slc|HexDriver:hex_driver1                              ; HexDriver     ; work         ;
;       |HexDriver:hex_driver2|           ; 7 (7)               ; 0 (0)                     ; 0           ; 0            ; 0       ; 0         ; 0    ; 0            ; |lab6_toplevel|slc3:my_slc|HexDriver:hex_driver2                              ; HexDriver     ; work         ;
;       |HexDriver:hex_driver3|           ; 7 (7)               ; 0 (0)                     ; 0           ; 0            ; 0       ; 0         ; 0    ; 0            ; |lab6_toplevel|slc3:my_slc|HexDriver:hex_driver3                              ; HexDriver     ; work         ;
;       |HexDriver:hex_driver4|           ; 7 (7)               ; 0 (0)                     ; 0           ; 0            ; 0       ; 0         ; 0    ; 0            ; |lab6_toplevel|slc3:my_slc|HexDriver:hex_driver4                              ; HexDriver     ; work         ;
;       |HexDriver:hex_driver5|           ; 7 (7)               ; 0 (0)                     ; 0           ; 0            ; 0       ; 0         ; 0    ; 0            ; |lab6_toplevel|slc3:my_slc|HexDriver:hex_driver5                              ; HexDriver     ; work         ;
;       |HexDriver:hex_driver6|           ; 7 (7)               ; 0 (0)                     ; 0           ; 0            ; 0       ; 0         ; 0    ; 0            ; |lab6_toplevel|slc3:my_slc|HexDriver:hex_driver6                              ; HexDriver     ; work         ;
;       |HexDriver:hex_driver7|           ; 7 (7)               ; 0 (0)                     ; 0           ; 0            ; 0       ; 0         ; 0    ; 0            ; |lab6_toplevel|slc3:my_slc|HexDriver:hex_driver7                              ; HexDriver     ; work         ;
;       |ISDU:state_controller|           ; 48 (48)             ; 24 (24)                   ; 0           ; 0            ; 0       ; 0         ; 0    ; 0            ; |lab6_toplevel|slc3:my_slc|ISDU:state_controller                              ; ISDU          ; work         ;
;       |Mem2IO:memory_subsystem|         ; 22 (22)             ; 16 (16)                   ; 0           ; 0            ; 0       ; 0         ; 0    ; 0            ; |lab6_toplevel|slc3:my_slc|Mem2IO:memory_subsystem                            ; Mem2IO        ; work         ;
;       |datapath:d0|                     ; 633 (68)            ; 196 (0)                   ; 0           ; 0            ; 0       ; 0         ; 0    ; 0            ; |lab6_toplevel|slc3:my_slc|datapath:d0                                        ; datapath      ; work         ;
;          |alu:ALU_unit|                 ; 16 (16)             ; 0 (0)                     ; 0           ; 0            ; 0       ; 0         ; 0    ; 0            ; |lab6_toplevel|slc3:my_slc|datapath:d0|alu:ALU_unit                           ; alu           ; work         ;
;          |mux:ADDR1_multiplexer|        ; 18 (18)             ; 0 (0)                     ; 0           ; 0            ; 0       ; 0         ; 0    ; 0            ; |lab6_toplevel|slc3:my_slc|datapath:d0|mux:ADDR1_multiplexer                  ; mux           ; work         ;
;          |mux:ADDR2_multiplexer|        ; 14 (14)             ; 0 (0)                     ; 0           ; 0            ; 0       ; 0         ; 0    ; 0            ; |lab6_toplevel|slc3:my_slc|datapath:d0|mux:ADDR2_multiplexer                  ; mux           ; work         ;
;          |mux:FMAR_multiplexer|         ; 16 (16)             ; 0 (0)                     ; 0           ; 0            ; 0       ; 0         ; 0    ; 0            ; |lab6_toplevel|slc3:my_slc|datapath:d0|mux:FMAR_multiplexer                   ; mux           ; work         ;
;          |mux:FMDR_multiplexer|         ; 16 (16)             ; 0 (0)                     ; 0           ; 0            ; 0       ; 0         ; 0    ; 0            ; |lab6_toplevel|slc3:my_slc|datapath:d0|mux:FMDR_multiplexer                   ; mux           ; work         ;
;          |mux:SR1_multiplexer|          ; 3 (3)               ; 0 (0)                     ; 0           ; 0            ; 0       ; 0         ; 0    ; 0            ; |lab6_toplevel|slc3:my_slc|datapath:d0|mux:SR1_multiplexer                    ; mux           ; work         ;
;          |mux:SR2_multiplexer|          ; 95 (95)             ; 0 (0)                     ; 0           ; 0            ; 0       ; 0         ; 0    ; 0            ; |lab6_toplevel|slc3:my_slc|datapath:d0|mux:SR2_multiplexer                    ; mux           ; work         ;
;          |mux:busGate_multiplexer|      ; 79 (79)             ; 0 (0)                     ; 0           ; 0            ; 0       ; 0         ; 0    ; 0            ; |lab6_toplevel|slc3:my_slc|datapath:d0|mux:busGate_multiplexer                ; mux           ; work         ;
;          |register:IR_reg|              ; 17 (17)             ; 16 (16)                   ; 0           ; 0            ; 0       ; 0         ; 0    ; 0            ; |lab6_toplevel|slc3:my_slc|datapath:d0|register:IR_reg                        ; register      ; work         ;
;          |register:MAR_reg|             ; 17 (17)             ; 16 (16)                   ; 0           ; 0            ; 0       ; 0         ; 0    ; 0            ; |lab6_toplevel|slc3:my_slc|datapath:d0|register:MAR_reg                       ; register      ; work         ;
;          |register:MDR_reg|             ; 35 (35)             ; 16 (16)                   ; 0           ; 0            ; 0       ; 0         ; 0    ; 0            ; |lab6_toplevel|slc3:my_slc|datapath:d0|register:MDR_reg                       ; register      ; work         ;
;          |register:PC_reg|              ; 1 (1)               ; 16 (16)                   ; 0           ; 0            ; 0       ; 0         ; 0    ; 0            ; |lab6_toplevel|slc3:my_slc|datapath:d0|register:PC_reg                        ; register      ; work         ;
;          |register:ben_reg|             ; 3 (3)               ; 1 (1)                     ; 0           ; 0            ; 0       ; 0         ; 0    ; 0            ; |lab6_toplevel|slc3:my_slc|datapath:d0|register:ben_reg                       ; register      ; work         ;
;          |register:nzp_reg|             ; 9 (9)               ; 3 (3)                     ; 0           ; 0            ; 0       ; 0         ; 0    ; 0            ; |lab6_toplevel|slc3:my_slc|datapath:d0|register:nzp_reg                       ; register      ; work         ;
;          |register_file:reg_file|       ; 226 (90)            ; 128 (0)                   ; 0           ; 0            ; 0       ; 0         ; 0    ; 0            ; |lab6_toplevel|slc3:my_slc|datapath:d0|register_file:reg_file                 ; register_file ; work         ;
;             |register:R0_reg|           ; 17 (17)             ; 16 (16)                   ; 0           ; 0            ; 0       ; 0         ; 0    ; 0            ; |lab6_toplevel|slc3:my_slc|datapath:d0|register_file:reg_file|register:R0_reg ; register      ; work         ;
;             |register:R1_reg|           ; 17 (17)             ; 16 (16)                   ; 0           ; 0            ; 0       ; 0         ; 0    ; 0            ; |lab6_toplevel|slc3:my_slc|datapath:d0|register_file:reg_file|register:R1_reg ; register      ; work         ;
;             |register:R2_reg|           ; 17 (17)             ; 16 (16)                   ; 0           ; 0            ; 0       ; 0         ; 0    ; 0            ; |lab6_toplevel|slc3:my_slc|datapath:d0|register_file:reg_file|register:R2_reg ; register      ; work         ;
;             |register:R3_reg|           ; 17 (17)             ; 16 (16)                   ; 0           ; 0            ; 0       ; 0         ; 0    ; 0            ; |lab6_toplevel|slc3:my_slc|datapath:d0|register_file:reg_file|register:R3_reg ; register      ; work         ;
;             |register:R4_reg|           ; 17 (17)             ; 16 (16)                   ; 0           ; 0            ; 0       ; 0         ; 0    ; 0            ; |lab6_toplevel|slc3:my_slc|datapath:d0|register_file:reg_file|register:R4_reg ; register      ; work         ;
;             |register:R5_reg|           ; 17 (17)             ; 16 (16)                   ; 0           ; 0            ; 0       ; 0         ; 0    ; 0            ; |lab6_toplevel|slc3:my_slc|datapath:d0|register_file:reg_file|register:R5_reg ; register      ; work         ;
;             |register:R6_reg|           ; 17 (17)             ; 16 (16)                   ; 0           ; 0            ; 0       ; 0         ; 0    ; 0            ; |lab6_toplevel|slc3:my_slc|datapath:d0|register_file:reg_file|register:R6_reg ; register      ; work         ;
;             |register:R7_reg|           ; 17 (17)             ; 16 (16)                   ; 0           ; 0            ; 0       ; 0         ; 0    ; 0            ; |lab6_toplevel|slc3:my_slc|datapath:d0|register_file:reg_file|register:R7_reg ; register      ; work         ;
;       |tristate:tr0|                    ; 0 (0)               ; 32 (32)                   ; 0           ; 0            ; 0       ; 0         ; 0    ; 0            ; |lab6_toplevel|slc3:my_slc|tristate:tr0                                       ; tristate      ; work         ;
;    |synchronizer:Continue_synchronizer| ; 0 (0)               ; 1 (1)                     ; 0           ; 0            ; 0       ; 0         ; 0    ; 0            ; |lab6_toplevel|synchronizer:Continue_synchronizer                             ; synchronizer  ; work         ;
;    |synchronizer:Reset_synchronizer|    ; 0 (0)               ; 1 (1)                     ; 0           ; 0            ; 0       ; 0         ; 0    ; 0            ; |lab6_toplevel|synchronizer:Reset_synchronizer                                ; synchronizer  ; work         ;
;    |synchronizer:Run_synchronizer|      ; 0 (0)               ; 1 (1)                     ; 0           ; 0            ; 0       ; 0         ; 0    ; 0            ; |lab6_toplevel|synchronizer:Run_synchronizer                                  ; synchronizer  ; work         ;
+-----------------------------------------+---------------------+---------------------------+-------------+--------------+---------+-----------+------+--------------+-------------------------------------------------------------------------------+---------------+--------------+
Note: For table entries with two numbers listed, the numbers in parentheses indicate the number of resources of the given type used by the specific entity alone. The numbers listed outside of parentheses indicate the total resources of the given type used by the specific entity and all of its sub-entities in the hierarchy.


Encoding Type:  One-Hot
+--------------------------------------------------------------------------------------------------------------------------------------------------------------------------------------------------------------------------------------------------------------------------------------------------------------------------------------------------------------+
; State Machine - |lab6_toplevel|slc3:my_slc|ISDU:state_controller|State                                                                                                                                                                                                                                                                                       ;
+----------------+------------+------------+------------+------------+------------+--------------+--------------+------------+------------+--------------+--------------+------------+------------+------------+------------+------------+------------+------------+--------------+--------------+------------+----------------+----------------+--------------+
; Name           ; State.S_22 ; State.S_00 ; State.S_12 ; State.S_21 ; State.S_04 ; State.S_16_2 ; State.S_16_1 ; State.S_23 ; State.S_27 ; State.S_25_2 ; State.S_25_1 ; State.S_07 ; State.S_06 ; State.S_09 ; State.S_05 ; State.S_01 ; State.S_32 ; State.S_35 ; State.S_33_2 ; State.S_33_1 ; State.S_18 ; State.PauseIR2 ; State.PauseIR1 ; State.Halted ;
+----------------+------------+------------+------------+------------+------------+--------------+--------------+------------+------------+--------------+--------------+------------+------------+------------+------------+------------+------------+------------+--------------+--------------+------------+----------------+----------------+--------------+
; State.Halted   ; 0          ; 0          ; 0          ; 0          ; 0          ; 0            ; 0            ; 0          ; 0          ; 0            ; 0            ; 0          ; 0          ; 0          ; 0          ; 0          ; 0          ; 0          ; 0            ; 0            ; 0          ; 0              ; 0              ; 0            ;
; State.PauseIR1 ; 0          ; 0          ; 0          ; 0          ; 0          ; 0            ; 0            ; 0          ; 0          ; 0            ; 0            ; 0          ; 0          ; 0          ; 0          ; 0          ; 0          ; 0          ; 0            ; 0            ; 0          ; 0              ; 1              ; 1            ;
; State.PauseIR2 ; 0          ; 0          ; 0          ; 0          ; 0          ; 0            ; 0            ; 0          ; 0          ; 0            ; 0            ; 0          ; 0          ; 0          ; 0          ; 0          ; 0          ; 0          ; 0            ; 0            ; 0          ; 1              ; 0              ; 1            ;
; State.S_18     ; 0          ; 0          ; 0          ; 0          ; 0          ; 0            ; 0            ; 0          ; 0          ; 0            ; 0            ; 0          ; 0          ; 0          ; 0          ; 0          ; 0          ; 0          ; 0            ; 0            ; 1          ; 0              ; 0              ; 1            ;
; State.S_33_1   ; 0          ; 0          ; 0          ; 0          ; 0          ; 0            ; 0            ; 0          ; 0          ; 0            ; 0            ; 0          ; 0          ; 0          ; 0          ; 0          ; 0          ; 0          ; 0            ; 1            ; 0          ; 0              ; 0              ; 1            ;
; State.S_33_2   ; 0          ; 0          ; 0          ; 0          ; 0          ; 0            ; 0            ; 0          ; 0          ; 0            ; 0            ; 0          ; 0          ; 0          ; 0          ; 0          ; 0          ; 0          ; 1            ; 0            ; 0          ; 0              ; 0              ; 1            ;
; State.S_35     ; 0          ; 0          ; 0          ; 0          ; 0          ; 0            ; 0            ; 0          ; 0          ; 0            ; 0            ; 0          ; 0          ; 0          ; 0          ; 0          ; 0          ; 1          ; 0            ; 0            ; 0          ; 0              ; 0              ; 1            ;
; State.S_32     ; 0          ; 0          ; 0          ; 0          ; 0          ; 0            ; 0            ; 0          ; 0          ; 0            ; 0            ; 0          ; 0          ; 0          ; 0          ; 0          ; 1          ; 0          ; 0            ; 0            ; 0          ; 0              ; 0              ; 1            ;
; State.S_01     ; 0          ; 0          ; 0          ; 0          ; 0          ; 0            ; 0            ; 0          ; 0          ; 0            ; 0            ; 0          ; 0          ; 0          ; 0          ; 1          ; 0          ; 0          ; 0            ; 0            ; 0          ; 0              ; 0              ; 1            ;
; State.S_05     ; 0          ; 0          ; 0          ; 0          ; 0          ; 0            ; 0            ; 0          ; 0          ; 0            ; 0            ; 0          ; 0          ; 0          ; 1          ; 0          ; 0          ; 0          ; 0            ; 0            ; 0          ; 0              ; 0              ; 1            ;
; State.S_09     ; 0          ; 0          ; 0          ; 0          ; 0          ; 0            ; 0            ; 0          ; 0          ; 0            ; 0            ; 0          ; 0          ; 1          ; 0          ; 0          ; 0          ; 0          ; 0            ; 0            ; 0          ; 0              ; 0              ; 1            ;
; State.S_06     ; 0          ; 0          ; 0          ; 0          ; 0          ; 0            ; 0            ; 0          ; 0          ; 0            ; 0            ; 0          ; 1          ; 0          ; 0          ; 0          ; 0          ; 0          ; 0            ; 0            ; 0          ; 0              ; 0              ; 1            ;
; State.S_07     ; 0          ; 0          ; 0          ; 0          ; 0          ; 0            ; 0            ; 0          ; 0          ; 0            ; 0            ; 1          ; 0          ; 0          ; 0          ; 0          ; 0          ; 0          ; 0            ; 0            ; 0          ; 0              ; 0              ; 1            ;
; State.S_25_1   ; 0          ; 0          ; 0          ; 0          ; 0          ; 0            ; 0            ; 0          ; 0          ; 0            ; 1            ; 0          ; 0          ; 0          ; 0          ; 0          ; 0          ; 0          ; 0            ; 0            ; 0          ; 0              ; 0              ; 1            ;
; State.S_25_2   ; 0          ; 0          ; 0          ; 0          ; 0          ; 0            ; 0            ; 0          ; 0          ; 1            ; 0            ; 0          ; 0          ; 0          ; 0          ; 0          ; 0          ; 0          ; 0            ; 0            ; 0          ; 0              ; 0              ; 1            ;
; State.S_27     ; 0          ; 0          ; 0          ; 0          ; 0          ; 0            ; 0            ; 0          ; 1          ; 0            ; 0            ; 0          ; 0          ; 0          ; 0          ; 0          ; 0          ; 0          ; 0            ; 0            ; 0          ; 0              ; 0              ; 1            ;
; State.S_23     ; 0          ; 0          ; 0          ; 0          ; 0          ; 0            ; 0            ; 1          ; 0          ; 0            ; 0            ; 0          ; 0          ; 0          ; 0          ; 0          ; 0          ; 0          ; 0            ; 0            ; 0          ; 0              ; 0              ; 1            ;
; State.S_16_1   ; 0          ; 0          ; 0          ; 0          ; 0          ; 0            ; 1            ; 0          ; 0          ; 0            ; 0            ; 0          ; 0          ; 0          ; 0          ; 0          ; 0          ; 0          ; 0            ; 0            ; 0          ; 0              ; 0              ; 1            ;
; State.S_16_2   ; 0          ; 0          ; 0          ; 0          ; 0          ; 1            ; 0            ; 0          ; 0          ; 0            ; 0            ; 0          ; 0          ; 0          ; 0          ; 0          ; 0          ; 0          ; 0            ; 0            ; 0          ; 0              ; 0              ; 1            ;
; State.S_04     ; 0          ; 0          ; 0          ; 0          ; 1          ; 0            ; 0            ; 0          ; 0          ; 0            ; 0            ; 0          ; 0          ; 0          ; 0          ; 0          ; 0          ; 0          ; 0            ; 0            ; 0          ; 0              ; 0              ; 1            ;
; State.S_21     ; 0          ; 0          ; 0          ; 1          ; 0          ; 0            ; 0            ; 0          ; 0          ; 0            ; 0            ; 0          ; 0          ; 0          ; 0          ; 0          ; 0          ; 0          ; 0            ; 0            ; 0          ; 0              ; 0              ; 1            ;
; State.S_12     ; 0          ; 0          ; 1          ; 0          ; 0          ; 0            ; 0            ; 0          ; 0          ; 0            ; 0            ; 0          ; 0          ; 0          ; 0          ; 0          ; 0          ; 0          ; 0            ; 0            ; 0          ; 0              ; 0              ; 1            ;
; State.S_00     ; 0          ; 1          ; 0          ; 0          ; 0          ; 0            ; 0            ; 0          ; 0          ; 0            ; 0            ; 0          ; 0          ; 0          ; 0          ; 0          ; 0          ; 0          ; 0            ; 0            ; 0          ; 0              ; 0              ; 1            ;
; State.S_22     ; 1          ; 0          ; 0          ; 0          ; 0          ; 0            ; 0            ; 0          ; 0          ; 0            ; 0            ; 0          ; 0          ; 0          ; 0          ; 0          ; 0          ; 0          ; 0            ; 0            ; 0          ; 0              ; 0              ; 1            ;
+----------------+------------+------------+------------+------------+------------+--------------+--------------+------------+------------+--------------+--------------+------------+------------+------------+------------+------------+------------+------------+--------------+--------------+------------+----------------+----------------+--------------+


+----------------------------------------------------------------+
; Registers Removed During Synthesis                             ;
+-------------------------------------------+--------------------+
; Register name                             ; Reason for Removal ;
+-------------------------------------------+--------------------+
; slc3:my_slc|ISDU:state_controller|State~2 ; Lost fanout        ;
; slc3:my_slc|ISDU:state_controller|State~3 ; Lost fanout        ;
; slc3:my_slc|ISDU:state_controller|State~4 ; Lost fanout        ;
; slc3:my_slc|ISDU:state_controller|State~5 ; Lost fanout        ;
; slc3:my_slc|ISDU:state_controller|State~6 ; Lost fanout        ;
; Total Number of Removed Registers = 5     ;                    ;
+-------------------------------------------+--------------------+


+------------------------------------------------------+
; General Register Statistics                          ;
+----------------------------------------------+-------+
; Statistic                                    ; Value ;
+----------------------------------------------+-------+
; Total registers                              ; 271   ;
; Number of registers using Synchronous Clear  ; 2     ;
; Number of registers using Synchronous Load   ; 0     ;
; Number of registers using Asynchronous Clear ; 0     ;
; Number of registers using Asynchronous Load  ; 0     ;
; Number of registers using Clock Enable       ; 211   ;
; Number of registers using Preset             ; 0     ;
+----------------------------------------------+-------+


+----------------------------------------------------------------------------------------------------------------------------------------------------------------------------------------------------------+
; Multiplexer Restructuring Statistics (Restructuring Performed)                                                                                                                                           ;
+--------------------+-----------+---------------+----------------------+------------------------+------------+--------------------------------------------------------------------------------------------+
; Multiplexer Inputs ; Bus Width ; Baseline Area ; Area if Restructured ; Saving if Restructured ; Registered ; Example Multiplexer Output                                                                 ;
+--------------------+-----------+---------------+----------------------+------------------------+------------+--------------------------------------------------------------------------------------------+
; 3:1                ; 16 bits   ; 32 LEs        ; 16 LEs               ; 16 LEs                 ; Yes        ; |lab6_toplevel|slc3:my_slc|Mem2IO:memory_subsystem|hex_data[2]                             ;
; 3:1                ; 16 bits   ; 32 LEs        ; 16 LEs               ; 16 LEs                 ; Yes        ; |lab6_toplevel|slc3:my_slc|datapath:d0|register:IR_reg|data_out[13]                        ;
; 3:1                ; 16 bits   ; 32 LEs        ; 16 LEs               ; 16 LEs                 ; Yes        ; |lab6_toplevel|slc3:my_slc|datapath:d0|register:MAR_reg|data_out[7]                        ;
; 3:1                ; 16 bits   ; 32 LEs        ; 16 LEs               ; 16 LEs                 ; Yes        ; |lab6_toplevel|slc3:my_slc|datapath:d0|register_file:reg_file|register:R0_reg|data_out[0]  ;
; 3:1                ; 16 bits   ; 32 LEs        ; 16 LEs               ; 16 LEs                 ; Yes        ; |lab6_toplevel|slc3:my_slc|datapath:d0|register_file:reg_file|register:R1_reg|data_out[6]  ;
; 3:1                ; 16 bits   ; 32 LEs        ; 16 LEs               ; 16 LEs                 ; Yes        ; |lab6_toplevel|slc3:my_slc|datapath:d0|register_file:reg_file|register:R2_reg|data_out[5]  ;
; 3:1                ; 16 bits   ; 32 LEs        ; 16 LEs               ; 16 LEs                 ; Yes        ; |lab6_toplevel|slc3:my_slc|datapath:d0|register_file:reg_file|register:R3_reg|data_out[0]  ;
; 3:1                ; 16 bits   ; 32 LEs        ; 16 LEs               ; 16 LEs                 ; Yes        ; |lab6_toplevel|slc3:my_slc|datapath:d0|register_file:reg_file|register:R4_reg|data_out[5]  ;
; 3:1                ; 16 bits   ; 32 LEs        ; 16 LEs               ; 16 LEs                 ; Yes        ; |lab6_toplevel|slc3:my_slc|datapath:d0|register_file:reg_file|register:R5_reg|data_out[2]  ;
; 3:1                ; 16 bits   ; 32 LEs        ; 16 LEs               ; 16 LEs                 ; Yes        ; |lab6_toplevel|slc3:my_slc|datapath:d0|register_file:reg_file|register:R6_reg|data_out[11] ;
; 3:1                ; 16 bits   ; 32 LEs        ; 16 LEs               ; 16 LEs                 ; Yes        ; |lab6_toplevel|slc3:my_slc|datapath:d0|register_file:reg_file|register:R7_reg|data_out[8]  ;
; 3:1                ; 3 bits    ; 6 LEs         ; 3 LEs                ; 3 LEs                  ; Yes        ; |lab6_toplevel|slc3:my_slc|datapath:d0|register:nzp_reg|data_out[2]                        ;
; 6:1                ; 16 bits   ; 64 LEs        ; 32 LEs               ; 32 LEs                 ; Yes        ; |lab6_toplevel|slc3:my_slc|datapath:d0|register:PC_reg|data_out[12]                        ;
; 6:1                ; 16 bits   ; 64 LEs        ; 32 LEs               ; 32 LEs                 ; Yes        ; |lab6_toplevel|slc3:my_slc|datapath:d0|register:MDR_reg|data_out[8]                        ;
; 3:1                ; 2 bits    ; 4 LEs         ; 4 LEs                ; 0 LEs                  ; No         ; |lab6_toplevel|slc3:my_slc|datapath:d0|mux:ADDR2_multiplexer|Mux0                          ;
; 8:1                ; 16 bits   ; 80 LEs        ; 80 LEs               ; 0 LEs                  ; No         ; |lab6_toplevel|slc3:my_slc|datapath:d0|register_file:reg_file|Mux9                         ;
; 9:1                ; 16 bits   ; 96 LEs        ; 96 LEs               ; 0 LEs                  ; No         ; |lab6_toplevel|slc3:my_slc|datapath:d0|mux:SR2_multiplexer|out[4]                          ;
; 7:1                ; 16 bits   ; 64 LEs        ; 64 LEs               ; 0 LEs                  ; No         ; |lab6_toplevel|slc3:my_slc|datapath:d0|mux:busGate_multiplexer|Mux13                       ;
+--------------------+-----------+---------------+----------------------+------------------------+------------+--------------------------------------------------------------------------------------------+


+------------------------------------------------------------------------------+
; Parameter Settings for User Entity Instance: synchronizer:Reset_synchronizer ;
+----------------+-------+-----------------------------------------------------+
; Parameter Name ; Value ; Type                                                ;
+----------------+-------+-----------------------------------------------------+
; N              ; 1     ; Signed Integer                                      ;
+----------------+-------+-----------------------------------------------------+
Note: In order to hide this table in the UI and the text report file, please set the "Show Parameter Settings in Synthesis Report" option in "Analysis and Synthesis Settings -> More Settings" to "Off".


+----------------------------------------------------------------------------+
; Parameter Settings for User Entity Instance: synchronizer:Run_synchronizer ;
+----------------+-------+---------------------------------------------------+
; Parameter Name ; Value ; Type                                              ;
+----------------+-------+---------------------------------------------------+
; N              ; 1     ; Signed Integer                                    ;
+----------------+-------+---------------------------------------------------+
Note: In order to hide this table in the UI and the text report file, please set the "Show Parameter Settings in Synthesis Report" option in "Analysis and Synthesis Settings -> More Settings" to "Off".


+---------------------------------------------------------------------------------+
; Parameter Settings for User Entity Instance: synchronizer:Continue_synchronizer ;
+----------------+-------+--------------------------------------------------------+
; Parameter Name ; Value ; Type                                                   ;
+----------------+-------+--------------------------------------------------------+
; N              ; 1     ; Signed Integer                                         ;
+----------------+-------+--------------------------------------------------------+
Note: In order to hide this table in the UI and the text report file, please set the "Show Parameter Settings in Synthesis Report" option in "Analysis and Synthesis Settings -> More Settings" to "Off".


+-------------------------------------------------------------------------------------------------------------+
; Parameter Settings for User Entity Instance: slc3:my_slc|datapath:d0|register_file:reg_file|register:R0_reg ;
+----------------+-------+------------------------------------------------------------------------------------+
; Parameter Name ; Value ; Type                                                                               ;
+----------------+-------+------------------------------------------------------------------------------------+
; N              ; 16    ; Signed Integer                                                                     ;
+----------------+-------+------------------------------------------------------------------------------------+
Note: In order to hide this table in the UI and the text report file, please set the "Show Parameter Settings in Synthesis Report" option in "Analysis and Synthesis Settings -> More Settings" to "Off".


+-------------------------------------------------------------------------------------------------------------+
; Parameter Settings for User Entity Instance: slc3:my_slc|datapath:d0|register_file:reg_file|register:R1_reg ;
+----------------+-------+------------------------------------------------------------------------------------+
; Parameter Name ; Value ; Type                                                                               ;
+----------------+-------+------------------------------------------------------------------------------------+
; N              ; 16    ; Signed Integer                                                                     ;
+----------------+-------+------------------------------------------------------------------------------------+
Note: In order to hide this table in the UI and the text report file, please set the "Show Parameter Settings in Synthesis Report" option in "Analysis and Synthesis Settings -> More Settings" to "Off".


+-------------------------------------------------------------------------------------------------------------+
; Parameter Settings for User Entity Instance: slc3:my_slc|datapath:d0|register_file:reg_file|register:R2_reg ;
+----------------+-------+------------------------------------------------------------------------------------+
; Parameter Name ; Value ; Type                                                                               ;
+----------------+-------+------------------------------------------------------------------------------------+
; N              ; 16    ; Signed Integer                                                                     ;
+----------------+-------+------------------------------------------------------------------------------------+
Note: In order to hide this table in the UI and the text report file, please set the "Show Parameter Settings in Synthesis Report" option in "Analysis and Synthesis Settings -> More Settings" to "Off".


+-------------------------------------------------------------------------------------------------------------+
; Parameter Settings for User Entity Instance: slc3:my_slc|datapath:d0|register_file:reg_file|register:R3_reg ;
+----------------+-------+------------------------------------------------------------------------------------+
; Parameter Name ; Value ; Type                                                                               ;
+----------------+-------+------------------------------------------------------------------------------------+
; N              ; 16    ; Signed Integer                                                                     ;
+----------------+-------+------------------------------------------------------------------------------------+
Note: In order to hide this table in the UI and the text report file, please set the "Show Parameter Settings in Synthesis Report" option in "Analysis and Synthesis Settings -> More Settings" to "Off".


+-------------------------------------------------------------------------------------------------------------+
; Parameter Settings for User Entity Instance: slc3:my_slc|datapath:d0|register_file:reg_file|register:R4_reg ;
+----------------+-------+------------------------------------------------------------------------------------+
; Parameter Name ; Value ; Type                                                                               ;
+----------------+-------+------------------------------------------------------------------------------------+
; N              ; 16    ; Signed Integer                                                                     ;
+----------------+-------+------------------------------------------------------------------------------------+
Note: In order to hide this table in the UI and the text report file, please set the "Show Parameter Settings in Synthesis Report" option in "Analysis and Synthesis Settings -> More Settings" to "Off".


+-------------------------------------------------------------------------------------------------------------+
; Parameter Settings for User Entity Instance: slc3:my_slc|datapath:d0|register_file:reg_file|register:R5_reg ;
+----------------+-------+------------------------------------------------------------------------------------+
; Parameter Name ; Value ; Type                                                                               ;
+----------------+-------+------------------------------------------------------------------------------------+
; N              ; 16    ; Signed Integer                                                                     ;
+----------------+-------+------------------------------------------------------------------------------------+
Note: In order to hide this table in the UI and the text report file, please set the "Show Parameter Settings in Synthesis Report" option in "Analysis and Synthesis Settings -> More Settings" to "Off".


+-------------------------------------------------------------------------------------------------------------+
; Parameter Settings for User Entity Instance: slc3:my_slc|datapath:d0|register_file:reg_file|register:R6_reg ;
+----------------+-------+------------------------------------------------------------------------------------+
; Parameter Name ; Value ; Type                                                                               ;
+----------------+-------+------------------------------------------------------------------------------------+
; N              ; 16    ; Signed Integer                                                                     ;
+----------------+-------+------------------------------------------------------------------------------------+
Note: In order to hide this table in the UI and the text report file, please set the "Show Parameter Settings in Synthesis Report" option in "Analysis and Synthesis Settings -> More Settings" to "Off".


+-------------------------------------------------------------------------------------------------------------+
; Parameter Settings for User Entity Instance: slc3:my_slc|datapath:d0|register_file:reg_file|register:R7_reg ;
+----------------+-------+------------------------------------------------------------------------------------+
; Parameter Name ; Value ; Type                                                                               ;
+----------------+-------+------------------------------------------------------------------------------------+
; N              ; 16    ; Signed Integer                                                                     ;
+----------------+-------+------------------------------------------------------------------------------------+
Note: In order to hide this table in the UI and the text report file, please set the "Show Parameter Settings in Synthesis Report" option in "Analysis and Synthesis Settings -> More Settings" to "Off".


+-----------------------------------------------------------------------------------------+
; Parameter Settings for User Entity Instance: slc3:my_slc|datapath:d0|mux:DR_multuplexer ;
+----------------+-------+----------------------------------------------------------------+
; Parameter Name ; Value ; Type                                                           ;
+----------------+-------+----------------------------------------------------------------+
; WIREWIDTH      ; 3     ; Signed Integer                                                 ;
; NUMINPUTS      ; 2     ; Signed Integer                                                 ;
+----------------+-------+----------------------------------------------------------------+
Note: In order to hide this table in the UI and the text report file, please set the "Show Parameter Settings in Synthesis Report" option in "Analysis and Synthesis Settings -> More Settings" to "Off".


+------------------------------------------------------------------------------------------+
; Parameter Settings for User Entity Instance: slc3:my_slc|datapath:d0|mux:SR1_multiplexer ;
+----------------+-------+-----------------------------------------------------------------+
; Parameter Name ; Value ; Type                                                            ;
+----------------+-------+-----------------------------------------------------------------+
; WIREWIDTH      ; 3     ; Signed Integer                                                  ;
; NUMINPUTS      ; 2     ; Signed Integer                                                  ;
+----------------+-------+-----------------------------------------------------------------+
Note: In order to hide this table in the UI and the text report file, please set the "Show Parameter Settings in Synthesis Report" option in "Analysis and Synthesis Settings -> More Settings" to "Off".


+------------------------------------------------------------------------------------------+
; Parameter Settings for User Entity Instance: slc3:my_slc|datapath:d0|mux:SR2_multiplexer ;
+----------------+-------+-----------------------------------------------------------------+
; Parameter Name ; Value ; Type                                                            ;
+----------------+-------+-----------------------------------------------------------------+
; WIREWIDTH      ; 16    ; Signed Integer                                                  ;
; NUMINPUTS      ; 2     ; Signed Integer                                                  ;
+----------------+-------+-----------------------------------------------------------------+
Note: In order to hide this table in the UI and the text report file, please set the "Show Parameter Settings in Synthesis Report" option in "Analysis and Synthesis Settings -> More Settings" to "Off".


+---------------------------------------------------------------------------------------+
; Parameter Settings for User Entity Instance: slc3:my_slc|datapath:d0|register:nzp_reg ;
+----------------+-------+--------------------------------------------------------------+
; Parameter Name ; Value ; Type                                                         ;
+----------------+-------+--------------------------------------------------------------+
; N              ; 3     ; Signed Integer                                               ;
+----------------+-------+--------------------------------------------------------------+
Note: In order to hide this table in the UI and the text report file, please set the "Show Parameter Settings in Synthesis Report" option in "Analysis and Synthesis Settings -> More Settings" to "Off".


+---------------------------------------------------------------------------------------+
; Parameter Settings for User Entity Instance: slc3:my_slc|datapath:d0|register:ben_reg ;
+----------------+-------+--------------------------------------------------------------+
; Parameter Name ; Value ; Type                                                         ;
+----------------+-------+--------------------------------------------------------------+
; N              ; 1     ; Signed Integer                                               ;
+----------------+-------+--------------------------------------------------------------+
Note: In order to hide this table in the UI and the text report file, please set the "Show Parameter Settings in Synthesis Report" option in "Analysis and Synthesis Settings -> More Settings" to "Off".


+--------------------------------------------------------------------------------------------+
; Parameter Settings for User Entity Instance: slc3:my_slc|datapath:d0|mux:ADDR1_multiplexer ;
+----------------+-------+-------------------------------------------------------------------+
; Parameter Name ; Value ; Type                                                              ;
+----------------+-------+-------------------------------------------------------------------+
; WIREWIDTH      ; 16    ; Signed Integer                                                    ;
; NUMINPUTS      ; 2     ; Signed Integer                                                    ;
+----------------+-------+-------------------------------------------------------------------+
Note: In order to hide this table in the UI and the text report file, please set the "Show Parameter Settings in Synthesis Report" option in "Analysis and Synthesis Settings -> More Settings" to "Off".


+--------------------------------------------------------------------------------------------+
; Parameter Settings for User Entity Instance: slc3:my_slc|datapath:d0|mux:ADDR2_multiplexer ;
+----------------+-------+-------------------------------------------------------------------+
; Parameter Name ; Value ; Type                                                              ;
+----------------+-------+-------------------------------------------------------------------+
; WIREWIDTH      ; 16    ; Signed Integer                                                    ;
; NUMINPUTS      ; 4     ; Signed Integer                                                    ;
+----------------+-------+-------------------------------------------------------------------+
Note: In order to hide this table in the UI and the text report file, please set the "Show Parameter Settings in Synthesis Report" option in "Analysis and Synthesis Settings -> More Settings" to "Off".


+--------------------------------------------------------------------------------------+
; Parameter Settings for User Entity Instance: slc3:my_slc|datapath:d0|register:PC_reg ;
+----------------+-------+-------------------------------------------------------------+
; Parameter Name ; Value ; Type                                                        ;
+----------------+-------+-------------------------------------------------------------+
; N              ; 16    ; Signed Integer                                              ;
+----------------+-------+-------------------------------------------------------------+
Note: In order to hide this table in the UI and the text report file, please set the "Show Parameter Settings in Synthesis Report" option in "Analysis and Synthesis Settings -> More Settings" to "Off".


+-----------------------------------------------------------------------------------------+
; Parameter Settings for User Entity Instance: slc3:my_slc|datapath:d0|mux:PC_multiplexer ;
+----------------+-------+----------------------------------------------------------------+
; Parameter Name ; Value ; Type                                                           ;
+----------------+-------+----------------------------------------------------------------+
; WIREWIDTH      ; 16    ; Signed Integer                                                 ;
; NUMINPUTS      ; 3     ; Signed Integer                                                 ;
+----------------+-------+----------------------------------------------------------------+
Note: In order to hide this table in the UI and the text report file, please set the "Show Parameter Settings in Synthesis Report" option in "Analysis and Synthesis Settings -> More Settings" to "Off".


+--------------------------------------------------------------------------------------+
; Parameter Settings for User Entity Instance: slc3:my_slc|datapath:d0|register:IR_reg ;
+----------------+-------+-------------------------------------------------------------+
; Parameter Name ; Value ; Type                                                        ;
+----------------+-------+-------------------------------------------------------------+
; N              ; 16    ; Signed Integer                                              ;
+----------------+-------+-------------------------------------------------------------+
Note: In order to hide this table in the UI and the text report file, please set the "Show Parameter Settings in Synthesis Report" option in "Analysis and Synthesis Settings -> More Settings" to "Off".


+---------------------------------------------------------------------------------------+
; Parameter Settings for User Entity Instance: slc3:my_slc|datapath:d0|register:MDR_reg ;
+----------------+-------+--------------------------------------------------------------+
; Parameter Name ; Value ; Type                                                         ;
+----------------+-------+--------------------------------------------------------------+
; N              ; 16    ; Signed Integer                                               ;
+----------------+-------+--------------------------------------------------------------+
Note: In order to hide this table in the UI and the text report file, please set the "Show Parameter Settings in Synthesis Report" option in "Analysis and Synthesis Settings -> More Settings" to "Off".


+------------------------------------------------------------------------------------------+
; Parameter Settings for User Entity Instance: slc3:my_slc|datapath:d0|mux:MDR_multiplexer ;
+----------------+-------+-----------------------------------------------------------------+
; Parameter Name ; Value ; Type                                                            ;
+----------------+-------+-----------------------------------------------------------------+
; WIREWIDTH      ; 16    ; Signed Integer                                                  ;
; NUMINPUTS      ; 2     ; Signed Integer                                                  ;
+----------------+-------+-----------------------------------------------------------------+
Note: In order to hide this table in the UI and the text report file, please set the "Show Parameter Settings in Synthesis Report" option in "Analysis and Synthesis Settings -> More Settings" to "Off".


+---------------------------------------------------------------------------------------+
; Parameter Settings for User Entity Instance: slc3:my_slc|datapath:d0|register:MAR_reg ;
+----------------+-------+--------------------------------------------------------------+
; Parameter Name ; Value ; Type                                                         ;
+----------------+-------+--------------------------------------------------------------+
; N              ; 16    ; Signed Integer                                               ;
+----------------+-------+--------------------------------------------------------------+
Note: In order to hide this table in the UI and the text report file, please set the "Show Parameter Settings in Synthesis Report" option in "Analysis and Synthesis Settings -> More Settings" to "Off".


+----------------------------------------------------------------------------------------------+
; Parameter Settings for User Entity Instance: slc3:my_slc|datapath:d0|mux:busGate_multiplexer ;
+----------------+-------+---------------------------------------------------------------------+
; Parameter Name ; Value ; Type                                                                ;
+----------------+-------+---------------------------------------------------------------------+
; WIREWIDTH      ; 16    ; Signed Integer                                                      ;
; NUMINPUTS      ; 4     ; Signed Integer                                                      ;
+----------------+-------+---------------------------------------------------------------------+
Note: In order to hide this table in the UI and the text report file, please set the "Show Parameter Settings in Synthesis Report" option in "Analysis and Synthesis Settings -> More Settings" to "Off".


+-------------------------------------------------------------------------------------------+
; Parameter Settings for User Entity Instance: slc3:my_slc|datapath:d0|mux:FMAR_multiplexer ;
+----------------+-------+------------------------------------------------------------------+
; Parameter Name ; Value ; Type                                                             ;
+----------------+-------+------------------------------------------------------------------+
; WIREWIDTH      ; 16    ; Signed Integer                                                   ;
; NUMINPUTS      ; 2     ; Signed Integer                                                   ;
+----------------+-------+------------------------------------------------------------------+
Note: In order to hide this table in the UI and the text report file, please set the "Show Parameter Settings in Synthesis Report" option in "Analysis and Synthesis Settings -> More Settings" to "Off".


+-------------------------------------------------------------------------------------------+
; Parameter Settings for User Entity Instance: slc3:my_slc|datapath:d0|mux:FMDR_multiplexer ;
+----------------+-------+------------------------------------------------------------------+
; Parameter Name ; Value ; Type                                                             ;
+----------------+-------+------------------------------------------------------------------+
; WIREWIDTH      ; 16    ; Signed Integer                                                   ;
; NUMINPUTS      ; 2     ; Signed Integer                                                   ;
+----------------+-------+------------------------------------------------------------------+
Note: In order to hide this table in the UI and the text report file, please set the "Show Parameter Settings in Synthesis Report" option in "Analysis and Synthesis Settings -> More Settings" to "Off".


+-----------------------------------------------------------------------+
; Parameter Settings for User Entity Instance: slc3:my_slc|tristate:tr0 ;
+----------------+-------+----------------------------------------------+
; Parameter Name ; Value ; Type                                         ;
+----------------+-------+----------------------------------------------+
; N              ; 16    ; Signed Integer                               ;
+----------------+-------+----------------------------------------------+
Note: In order to hide this table in the UI and the text report file, please set the "Show Parameter Settings in Synthesis Report" option in "Analysis and Synthesis Settings -> More Settings" to "Off".


+-------------------------------------------------------------------------+
; Parameter Settings for User Entity Instance: test_memory:my_test_memory ;
+----------------+-------+------------------------------------------------+
; Parameter Name ; Value ; Type                                           ;
+----------------+-------+------------------------------------------------+
; size           ; 256   ; Signed Integer                                 ;
; init_external  ; 0     ; Signed Integer                                 ;
+----------------+-------+------------------------------------------------+
Note: In order to hide this table in the UI and the text report file, please set the "Show Parameter Settings in Synthesis Report" option in "Analysis and Synthesis Settings -> More Settings" to "Off".


+----------------------------------------------------------------------------------------------+
; Parameter Settings for User Entity Instance: test_memory:my_test_memory|memory_parser:parser ;
+----------------+-------+---------------------------------------------------------------------+
; Parameter Name ; Value ; Type                                                                ;
+----------------+-------+---------------------------------------------------------------------+
; size           ; 256   ; Signed Integer                                                      ;
+----------------+-------+---------------------------------------------------------------------+
Note: In order to hide this table in the UI and the text report file, please set the "Show Parameter Settings in Synthesis Report" option in "Analysis and Synthesis Settings -> More Settings" to "Off".


+-----------------------------------------------------------------+
; Port Connectivity Checks: "slc3:my_slc|Mem2IO:memory_subsystem" ;
+--------------+-------+----------+-------------------------------+
; Port         ; Type  ; Severity ; Details                       ;
+--------------+-------+----------+-------------------------------+
; ADDR[19..16] ; Input ; Info     ; Stuck at GND                  ;
+--------------+-------+----------+-------------------------------+


+--------------------------------------------------------------------------+
; Port Connectivity Checks: "slc3:my_slc|datapath:d0|mux:FMAR_multiplexer" ;
+--------+-------+----------+----------------------------------------------+
; Port   ; Type  ; Severity ; Details                                      ;
+--------+-------+----------+----------------------------------------------+
; ins[1] ; Input ; Info     ; Stuck at VCC                                 ;
+--------+-------+----------+----------------------------------------------+


+---------------------------------------------------------------------------+
; Port Connectivity Checks: "slc3:my_slc|datapath:d0|mux:ADDR2_multiplexer" ;
+--------+-------+----------+-----------------------------------------------+
; Port   ; Type  ; Severity ; Details                                       ;
+--------+-------+----------+-----------------------------------------------+
; ins[0] ; Input ; Info     ; Stuck at GND                                  ;
+--------+-------+----------+-----------------------------------------------+


+------------------------------------------------------------------------+
; Port Connectivity Checks: "slc3:my_slc|datapath:d0|mux:DR_multuplexer" ;
+--------+-------+----------+--------------------------------------------+
; Port   ; Type  ; Severity ; Details                                    ;
+--------+-------+----------+--------------------------------------------+
; ins[1] ; Input ; Info     ; Stuck at VCC                               ;
+--------+-------+----------+--------------------------------------------+


+---------------------------------------------------------------------------------------------------------------------+
; Port Connectivity Checks: "slc3:my_slc|datapath:d0"                                                                 ;
+-----------+--------+----------+-------------------------------------------------------------------------------------+
; Port      ; Type   ; Severity ; Details                                                                             ;
+-----------+--------+----------+-------------------------------------------------------------------------------------+
; IR[10..6] ; Output ; Info     ; Connected to dangling logic. Logic that only feeds a dangling port will be removed. ;
; IR[4..0]  ; Output ; Info     ; Connected to dangling logic. Logic that only feeds a dangling port will be removed. ;
+-----------+--------+----------+-------------------------------------------------------------------------------------+


+-----------------------------------------------------+
; Post-Synthesis Netlist Statistics for Top Partition ;
+-----------------------+-----------------------------+
; Type                  ; Count                       ;
+-----------------------+-----------------------------+
; boundary_port         ; 129                         ;
; cycloneiii_ff         ; 271                         ;
;     ENA               ; 211                         ;
;     SCLR              ; 2                           ;
;     plain             ; 58                          ;
; cycloneiii_io_obuf    ; 16                          ;
; cycloneiii_lcell_comb ; 770                         ;
;     arith             ; 45                          ;
;         2 data inputs ; 15                          ;
;         3 data inputs ; 30                          ;
;     normal            ; 725                         ;
;         0 data inputs ; 1                           ;
;         1 data inputs ; 11                          ;
;         2 data inputs ; 186                         ;
;         3 data inputs ; 74                          ;
;         4 data inputs ; 453                         ;
;                       ;                             ;
; Max LUT depth         ; 14.40                       ;
; Average LUT depth     ; 8.26                        ;
+-----------------------+-----------------------------+


+-------------------------------+
; Elapsed Time Per Partition    ;
+----------------+--------------+
; Partition Name ; Elapsed Time ;
+----------------+--------------+
; Top            ; 00:00:02     ;
+----------------+--------------+


+-------------------------------+
; Analysis & Synthesis Messages ;
+-------------------------------+
Info: *******************************************************************
Info: Running Quartus Prime Analysis & Synthesis
    Info: Version 18.0.0 Build 614 04/24/2018 SJ Lite Edition
    Info: Processing started: Tue Mar 03 19:20:31 2020
Info: Command: quartus_map --read_settings_files=on --write_settings_files=off lab6 -c lab6_toplevel
Warning (18236): Number of processors has not been specified which may cause overloading on shared machines.  Set the global assignment NUM_PARALLEL_PROCESSORS in your QSF to an appropriate value for best performance.
Info (20030): Parallel compilation is enabled and will use 4 of the 4 processors detected
Info (12021): Found 1 design units, including 1 entities, in source file register_file.sv
    Info (12023): Found entity 1: register_file File: C:/Users/unnat/Desktop/ECE 385/lab6/register_file.sv Line: 1
Info (12021): Found 1 design units, including 1 entities, in source file alu.sv
    Info (12023): Found entity 1: alu File: C:/Users/unnat/Desktop/ECE 385/lab6/alu.sv Line: 1
Info (12021): Found 1 design units, including 1 entities, in source file synchronizer.sv
    Info (12023): Found entity 1: synchronizer File: C:/Users/unnat/Desktop/ECE 385/lab6/synchronizer.sv Line: 1
Info (12021): Found 1 design units, including 1 entities, in source file testbench.sv
    Info (12023): Found entity 1: testbench File: C:/Users/unnat/Desktop/ECE 385/lab6/testbench.sv Line: 1
Info (12021): Found 1 design units, including 1 entities, in source file register.sv
    Info (12023): Found entity 1: register File: C:/Users/unnat/Desktop/ECE 385/lab6/register.sv Line: 1
Warning (12090): Entity "mux" obtained from "mux.sv" instead of from Quartus Prime megafunction library File: C:/Users/unnat/Desktop/ECE 385/lab6/mux.sv Line: 1
Info (12021): Found 1 design units, including 1 entities, in source file mux.sv
    Info (12023): Found entity 1: mux File: C:/Users/unnat/Desktop/ECE 385/lab6/mux.sv Line: 1
Info (12021): Found 1 design units, including 1 entities, in source file hexdriver.sv
    Info (12023): Found entity 1: HexDriver File: C:/Users/unnat/Desktop/ECE 385/lab6/HexDriver.sv Line: 1
Info (12021): Found 1 design units, including 1 entities, in source file datapath.sv
    Info (12023): Found entity 1: datapath File: C:/Users/unnat/Desktop/ECE 385/lab6/datapath.sv Line: 1
Info (12021): Found 1 design units, including 1 entities, in source file tristate.sv
    Info (12023): Found entity 1: tristate File: C:/Users/unnat/Desktop/ECE 385/lab6/tristate.sv Line: 16
Info (12021): Found 1 design units, including 1 entities, in source file test_memory.sv
    Info (12023): Found entity 1: test_memory File: C:/Users/unnat/Desktop/ECE 385/lab6/test_memory.sv Line: 22
Info (12021): Found 1 design units, including 0 entities, in source file slc3_2.sv
    Info (12022): Found design unit 1: SLC3_2 (SystemVerilog) File: C:/Users/unnat/Desktop/ECE 385/lab6/SLC3_2.sv Line: 24
Info (12021): Found 1 design units, including 1 entities, in source file slc3.sv
    Info (12023): Found entity 1: slc3 File: C:/Users/unnat/Desktop/ECE 385/lab6/slc3.sv Line: 19
Info (12021): Found 1 design units, including 1 entities, in source file memory_contents.sv
    Info (12023): Found entity 1: memory_parser File: C:/Users/unnat/Desktop/ECE 385/lab6/memory_contents.sv Line: 16
Info (12021): Found 1 design units, including 1 entities, in source file mem2io.sv
    Info (12023): Found entity 1: Mem2IO File: C:/Users/unnat/Desktop/ECE 385/lab6/Mem2IO.sv Line: 16
Info (12021): Found 1 design units, including 1 entities, in source file lab6_toplevel.sv
    Info (12023): Found entity 1: lab6_toplevel File: C:/Users/unnat/Desktop/ECE 385/lab6/lab6_toplevel.sv Line: 10
Info (12021): Found 1 design units, including 1 entities, in source file isdu.sv
    Info (12023): Found entity 1: ISDU File: C:/Users/unnat/Desktop/ECE 385/lab6/ISDU.sv Line: 20
Info (12127): Elaborating entity "lab6_toplevel" for the top level hierarchy
Info (12128): Elaborating entity "synchronizer" for hierarchy "synchronizer:Reset_synchronizer" File: C:/Users/unnat/Desktop/ECE 385/lab6/lab6_toplevel.sv Line: 19
Info (12128): Elaborating entity "slc3" for hierarchy "slc3:my_slc" File: C:/Users/unnat/Desktop/ECE 385/lab6/lab6_toplevel.sv Line: 27
Info (12128): Elaborating entity "HexDriver" for hierarchy "slc3:my_slc|HexDriver:hex_driver3" File: C:/Users/unnat/Desktop/ECE 385/lab6/slc3.sv Line: 59
Info (12128): Elaborating entity "datapath" for hierarchy "slc3:my_slc|datapath:d0" File: C:/Users/unnat/Desktop/ECE 385/lab6/slc3.sv Line: 78
Info (12128): Elaborating entity "register_file" for hierarchy "slc3:my_slc|datapath:d0|register_file:reg_file" File: C:/Users/unnat/Desktop/ECE 385/lab6/datapath.sv Line: 46
Info (12128): Elaborating entity "register" for hierarchy "slc3:my_slc|datapath:d0|register_file:reg_file|register:R0_reg" File: C:/Users/unnat/Desktop/ECE 385/lab6/register_file.sv Line: 38
Info (12128): Elaborating entity "mux" for hierarchy "slc3:my_slc|datapath:d0|mux:DR_multuplexer" File: C:/Users/unnat/Desktop/ECE 385/lab6/datapath.sv Line: 47
Info (12128): Elaborating entity "alu" for hierarchy "slc3:my_slc|datapath:d0|alu:ALU_unit" File: C:/Users/unnat/Desktop/ECE 385/lab6/datapath.sv Line: 55
Info (12128): Elaborating entity "mux" for hierarchy "slc3:my_slc|datapath:d0|mux:SR2_multiplexer" File: C:/Users/unnat/Desktop/ECE 385/lab6/datapath.sv Line: 56
Info (12128): Elaborating entity "register" for hierarchy "slc3:my_slc|datapath:d0|register:nzp_reg" File: C:/Users/unnat/Desktop/ECE 385/lab6/datapath.sv Line: 63
Info (12128): Elaborating entity "register" for hierarchy "slc3:my_slc|datapath:d0|register:ben_reg" File: C:/Users/unnat/Desktop/ECE 385/lab6/datapath.sv Line: 64
Info (12128): Elaborating entity "mux" for hierarchy "slc3:my_slc|datapath:d0|mux:ADDR2_multiplexer" File: C:/Users/unnat/Desktop/ECE 385/lab6/datapath.sv Line: 74
Info (12128): Elaborating entity "mux" for hierarchy "slc3:my_slc|datapath:d0|mux:PC_multiplexer" File: C:/Users/unnat/Desktop/ECE 385/lab6/datapath.sv Line: 81
Info (12128): Elaborating entity "Mem2IO" for hierarchy "slc3:my_slc|Mem2IO:memory_subsystem" File: C:/Users/unnat/Desktop/ECE 385/lab6/slc3.sv Line: 86
Info (12128): Elaborating entity "tristate" for hierarchy "slc3:my_slc|tristate:tr0" File: C:/Users/unnat/Desktop/ECE 385/lab6/slc3.sv Line: 91
Info (12128): Elaborating entity "ISDU" for hierarchy "slc3:my_slc|ISDU:state_controller" File: C:/Users/unnat/Desktop/ECE 385/lab6/slc3.sv Line: 98
Info (10264): Verilog HDL Case Statement information at ISDU.sv(212): all case item expressions in this case statement are onehot File: C:/Users/unnat/Desktop/ECE 385/lab6/ISDU.sv Line: 212
Info (12128): Elaborating entity "test_memory" for hierarchy "test_memory:my_test_memory" File: C:/Users/unnat/Desktop/ECE 385/lab6/lab6_toplevel.sv Line: 32
Warning (10036): Verilog HDL or VHDL warning at test_memory.sv(42): object "actual_address" assigned a value but never read File: C:/Users/unnat/Desktop/ECE 385/lab6/test_memory.sv Line: 42
Info (12128): Elaborating entity "memory_parser" for hierarchy "test_memory:my_test_memory|memory_parser:parser" File: C:/Users/unnat/Desktop/ECE 385/lab6/test_memory.sv Line: 48
Warning (13046): Tri-state node(s) do not directly drive top-level pin(s)
    Warning (13049): Converted tri-state buffer "slc3:my_slc|datapath:d0|mux:PC_multiplexer|out[0]" feeding internal logic into a wire File: C:/Users/unnat/Desktop/ECE 385/lab6/mux.sv Line: 5
    Warning (13049): Converted tri-state buffer "slc3:my_slc|datapath:d0|mux:PC_multiplexer|out[1]" feeding internal logic into a wire File: C:/Users/unnat/Desktop/ECE 385/lab6/mux.sv Line: 5
    Warning (13049): Converted tri-state buffer "slc3:my_slc|datapath:d0|mux:PC_multiplexer|out[2]" feeding internal logic into a wire File: C:/Users/unnat/Desktop/ECE 385/lab6/mux.sv Line: 5
    Warning (13049): Converted tri-state buffer "slc3:my_slc|datapath:d0|mux:PC_multiplexer|out[3]" feeding internal logic into a wire File: C:/Users/unnat/Desktop/ECE 385/lab6/mux.sv Line: 5
    Warning (13049): Converted tri-state buffer "slc3:my_slc|datapath:d0|mux:PC_multiplexer|out[4]" feeding internal logic into a wire File: C:/Users/unnat/Desktop/ECE 385/lab6/mux.sv Line: 5
    Warning (13049): Converted tri-state buffer "slc3:my_slc|datapath:d0|mux:PC_multiplexer|out[5]" feeding internal logic into a wire File: C:/Users/unnat/Desktop/ECE 385/lab6/mux.sv Line: 5
    Warning (13049): Converted tri-state buffer "slc3:my_slc|datapath:d0|mux:PC_multiplexer|out[6]" feeding internal logic into a wire File: C:/Users/unnat/Desktop/ECE 385/lab6/mux.sv Line: 5
    Warning (13049): Converted tri-state buffer "slc3:my_slc|datapath:d0|mux:PC_multiplexer|out[7]" feeding internal logic into a wire File: C:/Users/unnat/Desktop/ECE 385/lab6/mux.sv Line: 5
    Warning (13049): Converted tri-state buffer "slc3:my_slc|datapath:d0|mux:PC_multiplexer|out[8]" feeding internal logic into a wire File: C:/Users/unnat/Desktop/ECE 385/lab6/mux.sv Line: 5
    Warning (13049): Converted tri-state buffer "slc3:my_slc|datapath:d0|mux:PC_multiplexer|out[9]" feeding internal logic into a wire File: C:/Users/unnat/Desktop/ECE 385/lab6/mux.sv Line: 5
    Warning (13049): Converted tri-state buffer "slc3:my_slc|datapath:d0|mux:PC_multiplexer|out[10]" feeding internal logic into a wire File: C:/Users/unnat/Desktop/ECE 385/lab6/mux.sv Line: 5
    Warning (13049): Converted tri-state buffer "slc3:my_slc|datapath:d0|mux:PC_multiplexer|out[11]" feeding internal logic into a wire File: C:/Users/unnat/Desktop/ECE 385/lab6/mux.sv Line: 5
    Warning (13049): Converted tri-state buffer "slc3:my_slc|datapath:d0|mux:PC_multiplexer|out[12]" feeding internal logic into a wire File: C:/Users/unnat/Desktop/ECE 385/lab6/mux.sv Line: 5
    Warning (13049): Converted tri-state buffer "slc3:my_slc|datapath:d0|mux:PC_multiplexer|out[13]" feeding internal logic into a wire File: C:/Users/unnat/Desktop/ECE 385/lab6/mux.sv Line: 5
    Warning (13049): Converted tri-state buffer "slc3:my_slc|datapath:d0|mux:PC_multiplexer|out[14]" feeding internal logic into a wire File: C:/Users/unnat/Desktop/ECE 385/lab6/mux.sv Line: 5
    Warning (13049): Converted tri-state buffer "slc3:my_slc|datapath:d0|mux:PC_multiplexer|out[15]" feeding internal logic into a wire File: C:/Users/unnat/Desktop/ECE 385/lab6/mux.sv Line: 5
Warning (13024): Output pins are stuck at VCC or GND
    Warning (13410): Pin "CE" is stuck at GND File: C:/Users/unnat/Desktop/ECE 385/lab6/lab6_toplevel.sv Line: 14
    Warning (13410): Pin "UB" is stuck at GND File: C:/Users/unnat/Desktop/ECE 385/lab6/lab6_toplevel.sv Line: 14
    Warning (13410): Pin "LB" is stuck at GND File: C:/Users/unnat/Desktop/ECE 385/lab6/lab6_toplevel.sv Line: 14
    Warning (13410): Pin "ADDR[16]" is stuck at GND File: C:/Users/unnat/Desktop/ECE 385/lab6/lab6_toplevel.sv Line: 15
    Warning (13410): Pin "ADDR[17]" is stuck at GND File: C:/Users/unnat/Desktop/ECE 385/lab6/lab6_toplevel.sv Line: 15
    Warning (13410): Pin "ADDR[18]" is stuck at GND File: C:/Users/unnat/Desktop/ECE 385/lab6/lab6_toplevel.sv Line: 15
    Warning (13410): Pin "ADDR[19]" is stuck at GND File: C:/Users/unnat/Desktop/ECE 385/lab6/lab6_toplevel.sv Line: 15
Info (286030): Timing-Driven Synthesis is running
Info (17049): 5 registers lost all their fanouts during netlist optimizations.
Info (16010): Generating hard_block partition "hard_block:auto_generated_inst"
    Info (16011): Adding 0 node(s), including 0 DDIO, 0 PLL, 0 transceiver and 0 LCELL
Info (21057): Implemented 923 device resources after synthesis - the final resource count might be different
    Info (21058): Implemented 20 input pins
    Info (21059): Implemented 93 output pins
    Info (21060): Implemented 16 bidirectional pins
    Info (21061): Implemented 794 logic cells
Info: Quartus Prime Analysis & Synthesis was successful. 0 errors, 28 warnings
    Info: Peak virtual memory: 4779 megabytes
    Info: Processing ended: Tue Mar 03 19:20:46 2020
    Info: Elapsed time: 00:00:15
    Info: Total CPU time (on all processors): 00:00:33


